Traceback (most recent call last):
  File "/opt/ros/noetic/lib/python3/dist-packages/rospy/impl/tcpros_service.py", line 465, in _get_service_uri
    self.uri = master.lookupService(self.resolved_name)
  File "/opt/ros/noetic/lib/python3/dist-packages/rosgraph/masterapi.py", line 327, in lookupService
    return self._succeed(self.handle.lookupService(self.caller_id, service))
  File "/opt/ros/noetic/lib/python3/dist-packages/rosgraph/masterapi.py", line 154, in _succeed
    raise Error(msg)
rosgraph.masterapi.MasterError: no provider

During handling of the above exception, another exception occurred:

Traceback (most recent call last):
  File "/opt/ros/noetic/lib/python3/dist-packages/camera_calibration/camera_calibrator.py", line 276, in on_mouse
    if self.do_upload():
  File "/opt/ros/noetic/lib/python3/dist-packages/camera_calibration/camera_calibrator.py", line 233, in do_upload
    response = self.set_left_camera_info_service(info[0])
  File "/opt/ros/noetic/lib/python3/dist-packages/rospy/impl/tcpros_service.py", line 442, in __call__
    return self.call(*args, **kwds)
  File "/opt/ros/noetic/lib/python3/dist-packages/rospy/impl/tcpros_service.py", line 502, in call
    service_uri = self._get_service_uri(request)
  File "/opt/ros/noetic/lib/python3/dist-packages/rospy/impl/tcpros_service.py", line 470, in _get_service_uri
    raise ServiceException("service [%s] unavailable"%self.resolved_name)
rospy.service.ServiceException: service [/left_camera/set_camera_info] unavailable

-------------
/imu/data
/imu/mag
/imu/timestamp
/ocams_1cgn/parameter_descriptions
/ocams_1cgn/parameter_updates
/rosout
/rosout_agg
/stereo/depth
/stereo/depth/compressed
/stereo/depth/compressed/parameter_descriptions
/stereo/depth/compressed/parameter_updates
/stereo/depth/compressedDepth
/stereo/depth/compressedDepth/parameter_descriptions
/stereo/depth/compressedDepth/parameter_updates
/stereo/depth/theora
/stereo/depth/theora/parameter_descriptions
/stereo/depth/theora/parameter_updates
/stereo/disparity_image
/stereo/disparity_image/compressed
/stereo/disparity_image/compressed/parameter_descriptions
/stereo/disparity_image/compressed/parameter_updates
/stereo/disparity_image/compressedDepth
/stereo/disparity_image/compressedDepth/parameter_descriptions
/stereo/disparity_image/compressedDepth/parameter_updates
/stereo/disparity_image/theora
/stereo/disparity_image/theora/parameter_descriptions
/stereo/disparity_image/theora/parameter_updates
/stereo/left/camera_info
/stereo/left/image_raw
/stereo/left/image_raw/compressed
/stereo/left/image_raw/compressed/parameter_descriptions
/stereo/left/image_raw/compressed/parameter_updates
/stereo/left/image_raw/compressedDepth
/stereo/left/image_raw/compressedDepth/parameter_descriptions
/stereo/left/image_raw/compressedDepth/parameter_updates
/stereo/left/image_raw/theora
/stereo/left/image_raw/theora/parameter_descriptions
/stereo/left/image_raw/theora/parameter_updates
/stereo/left/image_rect
/stereo/left/image_rect/compressed
/stereo/left/image_rect/compressed/parameter_descriptions
/stereo/left/image_rect/compressed/parameter_updates
/stereo/left/image_rect/compressedDepth
/stereo/left/image_rect/compressedDepth/parameter_descriptions
/stereo/left/image_rect/compressedDepth/parameter_updates
/stereo/left/image_rect/theora
/stereo/left/image_rect/theora/parameter_descriptions
/stereo/left/image_rect/theora/parameter_updates
/stereo/point_cloud
/stereo/right/camera_info
/stereo/right/image_raw
/stereo/right/image_raw/compressed
/stereo/right/image_raw/compressed/parameter_descriptions
/stereo/right/image_raw/compressed/parameter_updates
/stereo/right/image_raw/compressedDepth
/stereo/right/image_raw/compressedDepth/parameter_descriptions
/stereo/right/image_raw/compressedDepth/parameter_updates
/stereo/right/image_raw/theora
/stereo/right/image_raw/theora/parameter_descriptions
/stereo/right/image_raw/theora/parameter_updates
/stereo/right/image_rect
/stereo/right/image_rect/compressed
/stereo/right/image_rect/compressed/parameter_descriptions
/stereo/right/image_rect/compressed/parameter_updates
/stereo/right/image_rect/compressedDepth
/stereo/right/image_rect/compressedDepth/parameter_descriptions
/stereo/right/image_rect/compressedDepth/parameter_updates
/stereo/right/image_rect/theora
/stereo/right/image_rect/theora/parameter_descriptions
/stereo/right/image_rect/theora/parameter_updates
/stereo/timestamp
/tf
/tf_static
sanguk@raspberrypi:/opt/ros/noetic/lib/python3/dist-packages/rosgraph$ rosrun camera_calibration cameracalibrator.py --size -8x6 --square 0.025 image:=/stero/left/image_raw camera:=/stero/left
Waiting for service /stero/left/set_camera_info ...
Service not found
QMutex: destroying locked mutex
QIconvCodec::convertToUnicode: internal error, UTF-16 codec not found
Segmentation fault (core dumped)
sanguk@raspberrypi:/opt/ros/noetic/lib/python3/dist-packages/rosgraph$ rosrun camera_calibration cameracalibrator.py --size -8x6 --square 0.025 image:=/stereo/left/image_raw camera:=/stereo/left
Waiting for service /stereo/left/set_camera_info ...
Service not found
QMutex: destroying locked mutex
QMutex: destroying locked mutex
Segmentation fault (core dumped)






[ INFO] [1733644364.167868115]: Initialized the camera
[ INFO] [1733644364.985301155]: Loading from ROS calibration files
[ INFO] [1733644364.988735007]: camera calibration URL: package://ocams_1cgn/config/left.yaml
[ INFO] [1733644364.994922756]: camera calibration URL: package://ocams_1cgn/config/right.yaml
terminate called after throwing an instance of 'std::out_of_range'
  what():  vector::_M_range_check: __n (which is 0) >= this->size() (which is 0)

ocams_1cgn-2] process has died [pid 21782, exit code -6, cmd /home/sanguk/capstone_ws/devel/lib/ocams_1cgn/ocams_1cgn __name:=ocams_1cgn __log:=/home/sanguk/.ros/log/b06ebc40-b538-11ef-9873-5795d96d5ee3/ocams_1cgn-2.log].
log file: /home/sanguk/.ros/log/b06ebc40-b538-11ef-9873-5795d96d5ee3/ocams_1cgn-2*.log
